Created by PLY version 3.11 (http://www.dabeaz.com/ply)

Grammar

Rule 0     S' -> statement
Rule 1     statement -> PR_FOR LEFT_PAREN PR_INT ID EQUALS NUMBER SEMICOLON ID LESSTHANOREQUALS NUMBER SEMICOLON ID PLUS PLUS RIGHT_PAREN LEFT_BRACE statement_list RIGHT_BRACE
Rule 2     statement -> PR_FOR LEFT_PAREN ID EQUALS NUMBER SEMICOLON ID LESSTHANOREQUALS NUMBER SEMICOLON ID PLUS PLUS RIGHT_PAREN LEFT_BRACE statement_list RIGHT_BRACE
Rule 3     statement -> PR_FOR LEFT_PAREN PR_INT ID EQUALS NUMBER SEMICOLON ID LESSTHANOREQUALS NUMBER SEMICOLON ID PLUS PLUS RIGHT_PAREN LEFT_BRACE RIGHT_BRACE
Rule 4     statement -> PR_FOR LEFT_PAREN ID EQUALS NUMBER SEMICOLON ID LESSTHANOREQUALS NUMBER SEMICOLON ID PLUS PLUS RIGHT_PAREN LEFT_BRACE RIGHT_BRACE
Rule 5     statement_list -> statement
Rule 6     statement_list -> statement statement_list
Rule 7     statement -> <empty>

Terminals, with rules where they appear

EQUALS               : 1 2 3 4
ID                   : 1 1 1 2 2 2 3 3 3 4 4 4
LEFT_BRACE           : 1 2 3 4
LEFT_PAREN           : 1 2 3 4
LESSTHANOREQUALS     : 1 2 3 4
NUMBER               : 1 1 2 2 3 3 4 4
PLUS                 : 1 1 2 2 3 3 4 4
PR_FOR               : 1 2 3 4
PR_INT               : 1 3
RIGHT_BRACE          : 1 2 3 4
RIGHT_PAREN          : 1 2 3 4
SEMICOLON            : 1 1 2 2 3 3 4 4
error                : 

Nonterminals, with rules where they appear

statement            : 5 6 0
statement_list       : 1 2 6

Parsing method: LALR

state 0

    (0) S' -> . statement
    (1) statement -> . PR_FOR LEFT_PAREN PR_INT ID EQUALS NUMBER SEMICOLON ID LESSTHANOREQUALS NUMBER SEMICOLON ID PLUS PLUS RIGHT_PAREN LEFT_BRACE statement_list RIGHT_BRACE
    (2) statement -> . PR_FOR LEFT_PAREN ID EQUALS NUMBER SEMICOLON ID LESSTHANOREQUALS NUMBER SEMICOLON ID PLUS PLUS RIGHT_PAREN LEFT_BRACE statement_list RIGHT_BRACE
    (3) statement -> . PR_FOR LEFT_PAREN PR_INT ID EQUALS NUMBER SEMICOLON ID LESSTHANOREQUALS NUMBER SEMICOLON ID PLUS PLUS RIGHT_PAREN LEFT_BRACE RIGHT_BRACE
    (4) statement -> . PR_FOR LEFT_PAREN ID EQUALS NUMBER SEMICOLON ID LESSTHANOREQUALS NUMBER SEMICOLON ID PLUS PLUS RIGHT_PAREN LEFT_BRACE RIGHT_BRACE
    (7) statement -> .

    PR_FOR          shift and go to state 2
    $end            reduce using rule 7 (statement -> .)

    statement                      shift and go to state 1

state 1

    (0) S' -> statement .



state 2

    (1) statement -> PR_FOR . LEFT_PAREN PR_INT ID EQUALS NUMBER SEMICOLON ID LESSTHANOREQUALS NUMBER SEMICOLON ID PLUS PLUS RIGHT_PAREN LEFT_BRACE statement_list RIGHT_BRACE
    (2) statement -> PR_FOR . LEFT_PAREN ID EQUALS NUMBER SEMICOLON ID LESSTHANOREQUALS NUMBER SEMICOLON ID PLUS PLUS RIGHT_PAREN LEFT_BRACE statement_list RIGHT_BRACE
    (3) statement -> PR_FOR . LEFT_PAREN PR_INT ID EQUALS NUMBER SEMICOLON ID LESSTHANOREQUALS NUMBER SEMICOLON ID PLUS PLUS RIGHT_PAREN LEFT_BRACE RIGHT_BRACE
    (4) statement -> PR_FOR . LEFT_PAREN ID EQUALS NUMBER SEMICOLON ID LESSTHANOREQUALS NUMBER SEMICOLON ID PLUS PLUS RIGHT_PAREN LEFT_BRACE RIGHT_BRACE

    LEFT_PAREN      shift and go to state 3


state 3

    (1) statement -> PR_FOR LEFT_PAREN . PR_INT ID EQUALS NUMBER SEMICOLON ID LESSTHANOREQUALS NUMBER SEMICOLON ID PLUS PLUS RIGHT_PAREN LEFT_BRACE statement_list RIGHT_BRACE
    (2) statement -> PR_FOR LEFT_PAREN . ID EQUALS NUMBER SEMICOLON ID LESSTHANOREQUALS NUMBER SEMICOLON ID PLUS PLUS RIGHT_PAREN LEFT_BRACE statement_list RIGHT_BRACE
    (3) statement -> PR_FOR LEFT_PAREN . PR_INT ID EQUALS NUMBER SEMICOLON ID LESSTHANOREQUALS NUMBER SEMICOLON ID PLUS PLUS RIGHT_PAREN LEFT_BRACE RIGHT_BRACE
    (4) statement -> PR_FOR LEFT_PAREN . ID EQUALS NUMBER SEMICOLON ID LESSTHANOREQUALS NUMBER SEMICOLON ID PLUS PLUS RIGHT_PAREN LEFT_BRACE RIGHT_BRACE

    PR_INT          shift and go to state 4
    ID              shift and go to state 5


state 4

    (1) statement -> PR_FOR LEFT_PAREN PR_INT . ID EQUALS NUMBER SEMICOLON ID LESSTHANOREQUALS NUMBER SEMICOLON ID PLUS PLUS RIGHT_PAREN LEFT_BRACE statement_list RIGHT_BRACE
    (3) statement -> PR_FOR LEFT_PAREN PR_INT . ID EQUALS NUMBER SEMICOLON ID LESSTHANOREQUALS NUMBER SEMICOLON ID PLUS PLUS RIGHT_PAREN LEFT_BRACE RIGHT_BRACE

    ID              shift and go to state 6


state 5

    (2) statement -> PR_FOR LEFT_PAREN ID . EQUALS NUMBER SEMICOLON ID LESSTHANOREQUALS NUMBER SEMICOLON ID PLUS PLUS RIGHT_PAREN LEFT_BRACE statement_list RIGHT_BRACE
    (4) statement -> PR_FOR LEFT_PAREN ID . EQUALS NUMBER SEMICOLON ID LESSTHANOREQUALS NUMBER SEMICOLON ID PLUS PLUS RIGHT_PAREN LEFT_BRACE RIGHT_BRACE

    EQUALS          shift and go to state 7


state 6

    (1) statement -> PR_FOR LEFT_PAREN PR_INT ID . EQUALS NUMBER SEMICOLON ID LESSTHANOREQUALS NUMBER SEMICOLON ID PLUS PLUS RIGHT_PAREN LEFT_BRACE statement_list RIGHT_BRACE
    (3) statement -> PR_FOR LEFT_PAREN PR_INT ID . EQUALS NUMBER SEMICOLON ID LESSTHANOREQUALS NUMBER SEMICOLON ID PLUS PLUS RIGHT_PAREN LEFT_BRACE RIGHT_BRACE

    EQUALS          shift and go to state 8


state 7

    (2) statement -> PR_FOR LEFT_PAREN ID EQUALS . NUMBER SEMICOLON ID LESSTHANOREQUALS NUMBER SEMICOLON ID PLUS PLUS RIGHT_PAREN LEFT_BRACE statement_list RIGHT_BRACE
    (4) statement -> PR_FOR LEFT_PAREN ID EQUALS . NUMBER SEMICOLON ID LESSTHANOREQUALS NUMBER SEMICOLON ID PLUS PLUS RIGHT_PAREN LEFT_BRACE RIGHT_BRACE

    NUMBER          shift and go to state 9


state 8

    (1) statement -> PR_FOR LEFT_PAREN PR_INT ID EQUALS . NUMBER SEMICOLON ID LESSTHANOREQUALS NUMBER SEMICOLON ID PLUS PLUS RIGHT_PAREN LEFT_BRACE statement_list RIGHT_BRACE
    (3) statement -> PR_FOR LEFT_PAREN PR_INT ID EQUALS . NUMBER SEMICOLON ID LESSTHANOREQUALS NUMBER SEMICOLON ID PLUS PLUS RIGHT_PAREN LEFT_BRACE RIGHT_BRACE

    NUMBER          shift and go to state 10


state 9

    (2) statement -> PR_FOR LEFT_PAREN ID EQUALS NUMBER . SEMICOLON ID LESSTHANOREQUALS NUMBER SEMICOLON ID PLUS PLUS RIGHT_PAREN LEFT_BRACE statement_list RIGHT_BRACE
    (4) statement -> PR_FOR LEFT_PAREN ID EQUALS NUMBER . SEMICOLON ID LESSTHANOREQUALS NUMBER SEMICOLON ID PLUS PLUS RIGHT_PAREN LEFT_BRACE RIGHT_BRACE

    SEMICOLON       shift and go to state 11


state 10

    (1) statement -> PR_FOR LEFT_PAREN PR_INT ID EQUALS NUMBER . SEMICOLON ID LESSTHANOREQUALS NUMBER SEMICOLON ID PLUS PLUS RIGHT_PAREN LEFT_BRACE statement_list RIGHT_BRACE
    (3) statement -> PR_FOR LEFT_PAREN PR_INT ID EQUALS NUMBER . SEMICOLON ID LESSTHANOREQUALS NUMBER SEMICOLON ID PLUS PLUS RIGHT_PAREN LEFT_BRACE RIGHT_BRACE

    SEMICOLON       shift and go to state 12


state 11

    (2) statement -> PR_FOR LEFT_PAREN ID EQUALS NUMBER SEMICOLON . ID LESSTHANOREQUALS NUMBER SEMICOLON ID PLUS PLUS RIGHT_PAREN LEFT_BRACE statement_list RIGHT_BRACE
    (4) statement -> PR_FOR LEFT_PAREN ID EQUALS NUMBER SEMICOLON . ID LESSTHANOREQUALS NUMBER SEMICOLON ID PLUS PLUS RIGHT_PAREN LEFT_BRACE RIGHT_BRACE

    ID              shift and go to state 13


state 12

    (1) statement -> PR_FOR LEFT_PAREN PR_INT ID EQUALS NUMBER SEMICOLON . ID LESSTHANOREQUALS NUMBER SEMICOLON ID PLUS PLUS RIGHT_PAREN LEFT_BRACE statement_list RIGHT_BRACE
    (3) statement -> PR_FOR LEFT_PAREN PR_INT ID EQUALS NUMBER SEMICOLON . ID LESSTHANOREQUALS NUMBER SEMICOLON ID PLUS PLUS RIGHT_PAREN LEFT_BRACE RIGHT_BRACE

    ID              shift and go to state 14


state 13

    (2) statement -> PR_FOR LEFT_PAREN ID EQUALS NUMBER SEMICOLON ID . LESSTHANOREQUALS NUMBER SEMICOLON ID PLUS PLUS RIGHT_PAREN LEFT_BRACE statement_list RIGHT_BRACE
    (4) statement -> PR_FOR LEFT_PAREN ID EQUALS NUMBER SEMICOLON ID . LESSTHANOREQUALS NUMBER SEMICOLON ID PLUS PLUS RIGHT_PAREN LEFT_BRACE RIGHT_BRACE

    LESSTHANOREQUALS shift and go to state 15


state 14

    (1) statement -> PR_FOR LEFT_PAREN PR_INT ID EQUALS NUMBER SEMICOLON ID . LESSTHANOREQUALS NUMBER SEMICOLON ID PLUS PLUS RIGHT_PAREN LEFT_BRACE statement_list RIGHT_BRACE
    (3) statement -> PR_FOR LEFT_PAREN PR_INT ID EQUALS NUMBER SEMICOLON ID . LESSTHANOREQUALS NUMBER SEMICOLON ID PLUS PLUS RIGHT_PAREN LEFT_BRACE RIGHT_BRACE

    LESSTHANOREQUALS shift and go to state 16


state 15

    (2) statement -> PR_FOR LEFT_PAREN ID EQUALS NUMBER SEMICOLON ID LESSTHANOREQUALS . NUMBER SEMICOLON ID PLUS PLUS RIGHT_PAREN LEFT_BRACE statement_list RIGHT_BRACE
    (4) statement -> PR_FOR LEFT_PAREN ID EQUALS NUMBER SEMICOLON ID LESSTHANOREQUALS . NUMBER SEMICOLON ID PLUS PLUS RIGHT_PAREN LEFT_BRACE RIGHT_BRACE

    NUMBER          shift and go to state 17


state 16

    (1) statement -> PR_FOR LEFT_PAREN PR_INT ID EQUALS NUMBER SEMICOLON ID LESSTHANOREQUALS . NUMBER SEMICOLON ID PLUS PLUS RIGHT_PAREN LEFT_BRACE statement_list RIGHT_BRACE
    (3) statement -> PR_FOR LEFT_PAREN PR_INT ID EQUALS NUMBER SEMICOLON ID LESSTHANOREQUALS . NUMBER SEMICOLON ID PLUS PLUS RIGHT_PAREN LEFT_BRACE RIGHT_BRACE

    NUMBER          shift and go to state 18


state 17

    (2) statement -> PR_FOR LEFT_PAREN ID EQUALS NUMBER SEMICOLON ID LESSTHANOREQUALS NUMBER . SEMICOLON ID PLUS PLUS RIGHT_PAREN LEFT_BRACE statement_list RIGHT_BRACE
    (4) statement -> PR_FOR LEFT_PAREN ID EQUALS NUMBER SEMICOLON ID LESSTHANOREQUALS NUMBER . SEMICOLON ID PLUS PLUS RIGHT_PAREN LEFT_BRACE RIGHT_BRACE

    SEMICOLON       shift and go to state 19


state 18

    (1) statement -> PR_FOR LEFT_PAREN PR_INT ID EQUALS NUMBER SEMICOLON ID LESSTHANOREQUALS NUMBER . SEMICOLON ID PLUS PLUS RIGHT_PAREN LEFT_BRACE statement_list RIGHT_BRACE
    (3) statement -> PR_FOR LEFT_PAREN PR_INT ID EQUALS NUMBER SEMICOLON ID LESSTHANOREQUALS NUMBER . SEMICOLON ID PLUS PLUS RIGHT_PAREN LEFT_BRACE RIGHT_BRACE

    SEMICOLON       shift and go to state 20


state 19

    (2) statement -> PR_FOR LEFT_PAREN ID EQUALS NUMBER SEMICOLON ID LESSTHANOREQUALS NUMBER SEMICOLON . ID PLUS PLUS RIGHT_PAREN LEFT_BRACE statement_list RIGHT_BRACE
    (4) statement -> PR_FOR LEFT_PAREN ID EQUALS NUMBER SEMICOLON ID LESSTHANOREQUALS NUMBER SEMICOLON . ID PLUS PLUS RIGHT_PAREN LEFT_BRACE RIGHT_BRACE

    ID              shift and go to state 21


state 20

    (1) statement -> PR_FOR LEFT_PAREN PR_INT ID EQUALS NUMBER SEMICOLON ID LESSTHANOREQUALS NUMBER SEMICOLON . ID PLUS PLUS RIGHT_PAREN LEFT_BRACE statement_list RIGHT_BRACE
    (3) statement -> PR_FOR LEFT_PAREN PR_INT ID EQUALS NUMBER SEMICOLON ID LESSTHANOREQUALS NUMBER SEMICOLON . ID PLUS PLUS RIGHT_PAREN LEFT_BRACE RIGHT_BRACE

    ID              shift and go to state 22


state 21

    (2) statement -> PR_FOR LEFT_PAREN ID EQUALS NUMBER SEMICOLON ID LESSTHANOREQUALS NUMBER SEMICOLON ID . PLUS PLUS RIGHT_PAREN LEFT_BRACE statement_list RIGHT_BRACE
    (4) statement -> PR_FOR LEFT_PAREN ID EQUALS NUMBER SEMICOLON ID LESSTHANOREQUALS NUMBER SEMICOLON ID . PLUS PLUS RIGHT_PAREN LEFT_BRACE RIGHT_BRACE

    PLUS            shift and go to state 23


state 22

    (1) statement -> PR_FOR LEFT_PAREN PR_INT ID EQUALS NUMBER SEMICOLON ID LESSTHANOREQUALS NUMBER SEMICOLON ID . PLUS PLUS RIGHT_PAREN LEFT_BRACE statement_list RIGHT_BRACE
    (3) statement -> PR_FOR LEFT_PAREN PR_INT ID EQUALS NUMBER SEMICOLON ID LESSTHANOREQUALS NUMBER SEMICOLON ID . PLUS PLUS RIGHT_PAREN LEFT_BRACE RIGHT_BRACE

    PLUS            shift and go to state 24


state 23

    (2) statement -> PR_FOR LEFT_PAREN ID EQUALS NUMBER SEMICOLON ID LESSTHANOREQUALS NUMBER SEMICOLON ID PLUS . PLUS RIGHT_PAREN LEFT_BRACE statement_list RIGHT_BRACE
    (4) statement -> PR_FOR LEFT_PAREN ID EQUALS NUMBER SEMICOLON ID LESSTHANOREQUALS NUMBER SEMICOLON ID PLUS . PLUS RIGHT_PAREN LEFT_BRACE RIGHT_BRACE

    PLUS            shift and go to state 25


state 24

    (1) statement -> PR_FOR LEFT_PAREN PR_INT ID EQUALS NUMBER SEMICOLON ID LESSTHANOREQUALS NUMBER SEMICOLON ID PLUS . PLUS RIGHT_PAREN LEFT_BRACE statement_list RIGHT_BRACE
    (3) statement -> PR_FOR LEFT_PAREN PR_INT ID EQUALS NUMBER SEMICOLON ID LESSTHANOREQUALS NUMBER SEMICOLON ID PLUS . PLUS RIGHT_PAREN LEFT_BRACE RIGHT_BRACE

    PLUS            shift and go to state 26


state 25

    (2) statement -> PR_FOR LEFT_PAREN ID EQUALS NUMBER SEMICOLON ID LESSTHANOREQUALS NUMBER SEMICOLON ID PLUS PLUS . RIGHT_PAREN LEFT_BRACE statement_list RIGHT_BRACE
    (4) statement -> PR_FOR LEFT_PAREN ID EQUALS NUMBER SEMICOLON ID LESSTHANOREQUALS NUMBER SEMICOLON ID PLUS PLUS . RIGHT_PAREN LEFT_BRACE RIGHT_BRACE

    RIGHT_PAREN     shift and go to state 27


state 26

    (1) statement -> PR_FOR LEFT_PAREN PR_INT ID EQUALS NUMBER SEMICOLON ID LESSTHANOREQUALS NUMBER SEMICOLON ID PLUS PLUS . RIGHT_PAREN LEFT_BRACE statement_list RIGHT_BRACE
    (3) statement -> PR_FOR LEFT_PAREN PR_INT ID EQUALS NUMBER SEMICOLON ID LESSTHANOREQUALS NUMBER SEMICOLON ID PLUS PLUS . RIGHT_PAREN LEFT_BRACE RIGHT_BRACE

    RIGHT_PAREN     shift and go to state 28


state 27

    (2) statement -> PR_FOR LEFT_PAREN ID EQUALS NUMBER SEMICOLON ID LESSTHANOREQUALS NUMBER SEMICOLON ID PLUS PLUS RIGHT_PAREN . LEFT_BRACE statement_list RIGHT_BRACE
    (4) statement -> PR_FOR LEFT_PAREN ID EQUALS NUMBER SEMICOLON ID LESSTHANOREQUALS NUMBER SEMICOLON ID PLUS PLUS RIGHT_PAREN . LEFT_BRACE RIGHT_BRACE

    LEFT_BRACE      shift and go to state 29


state 28

    (1) statement -> PR_FOR LEFT_PAREN PR_INT ID EQUALS NUMBER SEMICOLON ID LESSTHANOREQUALS NUMBER SEMICOLON ID PLUS PLUS RIGHT_PAREN . LEFT_BRACE statement_list RIGHT_BRACE
    (3) statement -> PR_FOR LEFT_PAREN PR_INT ID EQUALS NUMBER SEMICOLON ID LESSTHANOREQUALS NUMBER SEMICOLON ID PLUS PLUS RIGHT_PAREN . LEFT_BRACE RIGHT_BRACE

    LEFT_BRACE      shift and go to state 30


state 29

    (2) statement -> PR_FOR LEFT_PAREN ID EQUALS NUMBER SEMICOLON ID LESSTHANOREQUALS NUMBER SEMICOLON ID PLUS PLUS RIGHT_PAREN LEFT_BRACE . statement_list RIGHT_BRACE
    (4) statement -> PR_FOR LEFT_PAREN ID EQUALS NUMBER SEMICOLON ID LESSTHANOREQUALS NUMBER SEMICOLON ID PLUS PLUS RIGHT_PAREN LEFT_BRACE . RIGHT_BRACE
    (5) statement_list -> . statement
    (6) statement_list -> . statement statement_list
    (1) statement -> . PR_FOR LEFT_PAREN PR_INT ID EQUALS NUMBER SEMICOLON ID LESSTHANOREQUALS NUMBER SEMICOLON ID PLUS PLUS RIGHT_PAREN LEFT_BRACE statement_list RIGHT_BRACE
    (2) statement -> . PR_FOR LEFT_PAREN ID EQUALS NUMBER SEMICOLON ID LESSTHANOREQUALS NUMBER SEMICOLON ID PLUS PLUS RIGHT_PAREN LEFT_BRACE statement_list RIGHT_BRACE
    (3) statement -> . PR_FOR LEFT_PAREN PR_INT ID EQUALS NUMBER SEMICOLON ID LESSTHANOREQUALS NUMBER SEMICOLON ID PLUS PLUS RIGHT_PAREN LEFT_BRACE RIGHT_BRACE
    (4) statement -> . PR_FOR LEFT_PAREN ID EQUALS NUMBER SEMICOLON ID LESSTHANOREQUALS NUMBER SEMICOLON ID PLUS PLUS RIGHT_PAREN LEFT_BRACE RIGHT_BRACE
    (7) statement -> .

  ! shift/reduce conflict for PR_FOR resolved as shift
  ! shift/reduce conflict for RIGHT_BRACE resolved as shift
    RIGHT_BRACE     shift and go to state 32
    PR_FOR          shift and go to state 2

  ! PR_FOR          [ reduce using rule 7 (statement -> .) ]
  ! RIGHT_BRACE     [ reduce using rule 7 (statement -> .) ]

    statement_list                 shift and go to state 31
    statement                      shift and go to state 33

state 30

    (1) statement -> PR_FOR LEFT_PAREN PR_INT ID EQUALS NUMBER SEMICOLON ID LESSTHANOREQUALS NUMBER SEMICOLON ID PLUS PLUS RIGHT_PAREN LEFT_BRACE . statement_list RIGHT_BRACE
    (3) statement -> PR_FOR LEFT_PAREN PR_INT ID EQUALS NUMBER SEMICOLON ID LESSTHANOREQUALS NUMBER SEMICOLON ID PLUS PLUS RIGHT_PAREN LEFT_BRACE . RIGHT_BRACE
    (5) statement_list -> . statement
    (6) statement_list -> . statement statement_list
    (1) statement -> . PR_FOR LEFT_PAREN PR_INT ID EQUALS NUMBER SEMICOLON ID LESSTHANOREQUALS NUMBER SEMICOLON ID PLUS PLUS RIGHT_PAREN LEFT_BRACE statement_list RIGHT_BRACE
    (2) statement -> . PR_FOR LEFT_PAREN ID EQUALS NUMBER SEMICOLON ID LESSTHANOREQUALS NUMBER SEMICOLON ID PLUS PLUS RIGHT_PAREN LEFT_BRACE statement_list RIGHT_BRACE
    (3) statement -> . PR_FOR LEFT_PAREN PR_INT ID EQUALS NUMBER SEMICOLON ID LESSTHANOREQUALS NUMBER SEMICOLON ID PLUS PLUS RIGHT_PAREN LEFT_BRACE RIGHT_BRACE
    (4) statement -> . PR_FOR LEFT_PAREN ID EQUALS NUMBER SEMICOLON ID LESSTHANOREQUALS NUMBER SEMICOLON ID PLUS PLUS RIGHT_PAREN LEFT_BRACE RIGHT_BRACE
    (7) statement -> .

  ! shift/reduce conflict for PR_FOR resolved as shift
  ! shift/reduce conflict for RIGHT_BRACE resolved as shift
    RIGHT_BRACE     shift and go to state 35
    PR_FOR          shift and go to state 2

  ! PR_FOR          [ reduce using rule 7 (statement -> .) ]
  ! RIGHT_BRACE     [ reduce using rule 7 (statement -> .) ]

    statement_list                 shift and go to state 34
    statement                      shift and go to state 33

state 31

    (2) statement -> PR_FOR LEFT_PAREN ID EQUALS NUMBER SEMICOLON ID LESSTHANOREQUALS NUMBER SEMICOLON ID PLUS PLUS RIGHT_PAREN LEFT_BRACE statement_list . RIGHT_BRACE

    RIGHT_BRACE     shift and go to state 36


state 32

    (4) statement -> PR_FOR LEFT_PAREN ID EQUALS NUMBER SEMICOLON ID LESSTHANOREQUALS NUMBER SEMICOLON ID PLUS PLUS RIGHT_PAREN LEFT_BRACE RIGHT_BRACE .

    $end            reduce using rule 4 (statement -> PR_FOR LEFT_PAREN ID EQUALS NUMBER SEMICOLON ID LESSTHANOREQUALS NUMBER SEMICOLON ID PLUS PLUS RIGHT_PAREN LEFT_BRACE RIGHT_BRACE .)
    PR_FOR          reduce using rule 4 (statement -> PR_FOR LEFT_PAREN ID EQUALS NUMBER SEMICOLON ID LESSTHANOREQUALS NUMBER SEMICOLON ID PLUS PLUS RIGHT_PAREN LEFT_BRACE RIGHT_BRACE .)
    RIGHT_BRACE     reduce using rule 4 (statement -> PR_FOR LEFT_PAREN ID EQUALS NUMBER SEMICOLON ID LESSTHANOREQUALS NUMBER SEMICOLON ID PLUS PLUS RIGHT_PAREN LEFT_BRACE RIGHT_BRACE .)


state 33

    (5) statement_list -> statement .
    (6) statement_list -> statement . statement_list
    (5) statement_list -> . statement
    (6) statement_list -> . statement statement_list
    (1) statement -> . PR_FOR LEFT_PAREN PR_INT ID EQUALS NUMBER SEMICOLON ID LESSTHANOREQUALS NUMBER SEMICOLON ID PLUS PLUS RIGHT_PAREN LEFT_BRACE statement_list RIGHT_BRACE
    (2) statement -> . PR_FOR LEFT_PAREN ID EQUALS NUMBER SEMICOLON ID LESSTHANOREQUALS NUMBER SEMICOLON ID PLUS PLUS RIGHT_PAREN LEFT_BRACE statement_list RIGHT_BRACE
    (3) statement -> . PR_FOR LEFT_PAREN PR_INT ID EQUALS NUMBER SEMICOLON ID LESSTHANOREQUALS NUMBER SEMICOLON ID PLUS PLUS RIGHT_PAREN LEFT_BRACE RIGHT_BRACE
    (4) statement -> . PR_FOR LEFT_PAREN ID EQUALS NUMBER SEMICOLON ID LESSTHANOREQUALS NUMBER SEMICOLON ID PLUS PLUS RIGHT_PAREN LEFT_BRACE RIGHT_BRACE
    (7) statement -> .

  ! shift/reduce conflict for PR_FOR resolved as shift
  ! reduce/reduce conflict for RIGHT_BRACE resolved using rule 5 (statement_list -> statement .)
    RIGHT_BRACE     reduce using rule 5 (statement_list -> statement .)
    PR_FOR          shift and go to state 2

  ! PR_FOR          [ reduce using rule 7 (statement -> .) ]
  ! RIGHT_BRACE     [ reduce using rule 7 (statement -> .) ]

    statement                      shift and go to state 33
    statement_list                 shift and go to state 37

state 34

    (1) statement -> PR_FOR LEFT_PAREN PR_INT ID EQUALS NUMBER SEMICOLON ID LESSTHANOREQUALS NUMBER SEMICOLON ID PLUS PLUS RIGHT_PAREN LEFT_BRACE statement_list . RIGHT_BRACE

    RIGHT_BRACE     shift and go to state 38


state 35

    (3) statement -> PR_FOR LEFT_PAREN PR_INT ID EQUALS NUMBER SEMICOLON ID LESSTHANOREQUALS NUMBER SEMICOLON ID PLUS PLUS RIGHT_PAREN LEFT_BRACE RIGHT_BRACE .

    $end            reduce using rule 3 (statement -> PR_FOR LEFT_PAREN PR_INT ID EQUALS NUMBER SEMICOLON ID LESSTHANOREQUALS NUMBER SEMICOLON ID PLUS PLUS RIGHT_PAREN LEFT_BRACE RIGHT_BRACE .)
    PR_FOR          reduce using rule 3 (statement -> PR_FOR LEFT_PAREN PR_INT ID EQUALS NUMBER SEMICOLON ID LESSTHANOREQUALS NUMBER SEMICOLON ID PLUS PLUS RIGHT_PAREN LEFT_BRACE RIGHT_BRACE .)
    RIGHT_BRACE     reduce using rule 3 (statement -> PR_FOR LEFT_PAREN PR_INT ID EQUALS NUMBER SEMICOLON ID LESSTHANOREQUALS NUMBER SEMICOLON ID PLUS PLUS RIGHT_PAREN LEFT_BRACE RIGHT_BRACE .)


state 36

    (2) statement -> PR_FOR LEFT_PAREN ID EQUALS NUMBER SEMICOLON ID LESSTHANOREQUALS NUMBER SEMICOLON ID PLUS PLUS RIGHT_PAREN LEFT_BRACE statement_list RIGHT_BRACE .

    $end            reduce using rule 2 (statement -> PR_FOR LEFT_PAREN ID EQUALS NUMBER SEMICOLON ID LESSTHANOREQUALS NUMBER SEMICOLON ID PLUS PLUS RIGHT_PAREN LEFT_BRACE statement_list RIGHT_BRACE .)
    PR_FOR          reduce using rule 2 (statement -> PR_FOR LEFT_PAREN ID EQUALS NUMBER SEMICOLON ID LESSTHANOREQUALS NUMBER SEMICOLON ID PLUS PLUS RIGHT_PAREN LEFT_BRACE statement_list RIGHT_BRACE .)
    RIGHT_BRACE     reduce using rule 2 (statement -> PR_FOR LEFT_PAREN ID EQUALS NUMBER SEMICOLON ID LESSTHANOREQUALS NUMBER SEMICOLON ID PLUS PLUS RIGHT_PAREN LEFT_BRACE statement_list RIGHT_BRACE .)


state 37

    (6) statement_list -> statement statement_list .

    RIGHT_BRACE     reduce using rule 6 (statement_list -> statement statement_list .)


state 38

    (1) statement -> PR_FOR LEFT_PAREN PR_INT ID EQUALS NUMBER SEMICOLON ID LESSTHANOREQUALS NUMBER SEMICOLON ID PLUS PLUS RIGHT_PAREN LEFT_BRACE statement_list RIGHT_BRACE .

    $end            reduce using rule 1 (statement -> PR_FOR LEFT_PAREN PR_INT ID EQUALS NUMBER SEMICOLON ID LESSTHANOREQUALS NUMBER SEMICOLON ID PLUS PLUS RIGHT_PAREN LEFT_BRACE statement_list RIGHT_BRACE .)
    PR_FOR          reduce using rule 1 (statement -> PR_FOR LEFT_PAREN PR_INT ID EQUALS NUMBER SEMICOLON ID LESSTHANOREQUALS NUMBER SEMICOLON ID PLUS PLUS RIGHT_PAREN LEFT_BRACE statement_list RIGHT_BRACE .)
    RIGHT_BRACE     reduce using rule 1 (statement -> PR_FOR LEFT_PAREN PR_INT ID EQUALS NUMBER SEMICOLON ID LESSTHANOREQUALS NUMBER SEMICOLON ID PLUS PLUS RIGHT_PAREN LEFT_BRACE statement_list RIGHT_BRACE .)

WARNING: 
WARNING: Conflicts:
WARNING: 
WARNING: shift/reduce conflict for PR_FOR in state 29 resolved as shift
WARNING: shift/reduce conflict for RIGHT_BRACE in state 29 resolved as shift
WARNING: shift/reduce conflict for PR_FOR in state 30 resolved as shift
WARNING: shift/reduce conflict for RIGHT_BRACE in state 30 resolved as shift
WARNING: shift/reduce conflict for PR_FOR in state 33 resolved as shift
WARNING: reduce/reduce conflict in state 33 resolved using rule (statement_list -> statement)
WARNING: rejected rule (statement -> <empty>) in state 33
